<?xml version="1.0" encoding="UTF-8"?>
<!-- Generated by org.testng.reporters.JUnitXMLReporter -->
<testsuite ignored="0" hostname="ATMECSINLT-004" failures="1" tests="1" name="SampleTest" time="0.259" errors="0" timestamp="2021-11-02T17:42:21 IST">
  <testcase classname="com.test.testfalcon.testscript.AtmecsContactUsTest" name="contactUsTest" time="0.0">
    <failure type="org.testng.TestNGException" message="
Parameter &amp;apos;os&amp;apos; is required by @Test on method contactUsTest but has not been marked @Optional or defined
in C:\Users\ravikumar.kannan\eclipse-workspace\testfalcon\src\main\resources\suitefile\contactus.xml">
      <![CDATA[org.testng.TestNGException: 
Parameter 'os' is required by @Test on method contactUsTest but has not been marked @Optional or defined
in C:\Users\ravikumar.kannan\eclipse-workspace\testfalcon\src\main\resources\suitefile\contactus.xml
at java.base/java.util.ArrayList.forEach(ArrayList.java:1511)
... Removed 27 stack frames]]>
    </failure>
  </testcase> <!-- contactUsTest -->
</testsuite> <!-- SampleTest -->
